******************************************************************
 librcsc 4.1.0
 Copyright 2000 - 2007. Hidehisa Akiyama.
 Copyright 2007 - 2011. Hidehisa Akiyama and Hiroki Shimora
 All rights reserved.
******************************************************************
*****************************************************************
 This program is based on agent2d created by Hidehisa Akiyama.
 Copyright 2006 - 2011. Hidehisa Akiyama and Hiroki Shimora.
 All rights reserved.
*****************************************************************
PYRUS: init ok.  unum: 10 side: l
PYRUS 10:  KickTable created.
PYRUS 10: [-1, 0] set synch see mode.
Read Setting: ./data/settings/Other.json
PYRUS 10: [326, 0]  WARNING. no turn_neck.
Circle2D::intersection() illegal line.
PYRUS 10: [1804, 0]  WARNING. no turn_neck.
PYRUS 10: [1805, 0]  WARNING. no turn_neck.
PYRUS 10: [1808, 0]  WARNING. no turn_neck.
Circle2D::intersection() illegal line.
Circle2D::intersection() illegal line.
Circle2D::intersection() illegal line.
Circle2D::intersection() illegal line.
PYRUS 10: finished.
